{"/app/controllers/TodoController.ts": {"path":"/app/controllers/TodoController.ts","statementMap":{"0":{"start":{"line":2,"column":0},"end":{"line":2,"column":40}},"1":{"start":{"line":4,"column":25},"end":{"line":11,"column":2}},"2":{"start":{"line":4,"column":82},"end":{"line":11,"column":2}},"3":{"start":{"line":5,"column":2},"end":{"line":10,"column":null}},"4":{"start":{"line":6,"column":29},"end":{"line":6,"column":49}},"5":{"start":{"line":7,"column":4},"end":{"line":7,"column":42}},"6":{"start":{"line":9,"column":4},"end":{"line":9,"column":68}},"7":{"start":{"line":4,"column":13},"end":{"line":4,"column":25}},"8":{"start":{"line":13,"column":26},"end":{"line":21,"column":2}},"9":{"start":{"line":13,"column":83},"end":{"line":21,"column":2}},"10":{"start":{"line":14,"column":34},"end":{"line":14,"column":42}},"11":{"start":{"line":15,"column":2},"end":{"line":20,"column":null}},"12":{"start":{"line":16,"column":26},"end":{"line":16,"column":68}},"13":{"start":{"line":17,"column":4},"end":{"line":17,"column":41}},"14":{"start":{"line":19,"column":4},"end":{"line":19,"column":68}},"15":{"start":{"line":13,"column":13},"end":{"line":13,"column":26}},"16":{"start":{"line":23,"column":28},"end":{"line":36,"column":2}},"17":{"start":{"line":23,"column":85},"end":{"line":36,"column":2}},"18":{"start":{"line":24,"column":17},"end":{"line":24,"column":27}},"19":{"start":{"line":25,"column":2},"end":{"line":35,"column":null}},"20":{"start":{"line":26,"column":17},"end":{"line":26,"column":40}},"21":{"start":{"line":27,"column":4},"end":{"line":29,"column":null}},"22":{"start":{"line":28,"column":6},"end":{"line":28,"column":63}},"23":{"start":{"line":30,"column":4},"end":{"line":30,"column":23}},"24":{"start":{"line":31,"column":4},"end":{"line":31,"column":22}},"25":{"start":{"line":32,"column":4},"end":{"line":32,"column":38}},"26":{"start":{"line":34,"column":4},"end":{"line":34,"column":68}},"27":{"start":{"line":23,"column":13},"end":{"line":23,"column":28}},"28":{"start":{"line":38,"column":26},"end":{"line":50,"column":2}},"29":{"start":{"line":38,"column":83},"end":{"line":50,"column":2}},"30":{"start":{"line":39,"column":17},"end":{"line":39,"column":27}},"31":{"start":{"line":40,"column":2},"end":{"line":49,"column":null}},"32":{"start":{"line":41,"column":17},"end":{"line":41,"column":40}},"33":{"start":{"line":42,"column":4},"end":{"line":44,"column":null}},"34":{"start":{"line":43,"column":6},"end":{"line":43,"column":63}},"35":{"start":{"line":45,"column":4},"end":{"line":45,"column":25}},"36":{"start":{"line":46,"column":4},"end":{"line":46,"column":34}},"37":{"start":{"line":48,"column":4},"end":{"line":48,"column":68}},"38":{"start":{"line":38,"column":13},"end":{"line":38,"column":26}}},"fnMap":{"0":{"name":"(anonymous_7)","decl":{"start":{"line":4,"column":25},"end":{"line":4,"column":32}},"loc":{"start":{"line":4,"column":82},"end":{"line":11,"column":2}}},"1":{"name":"(anonymous_8)","decl":{"start":{"line":4,"column":82},"end":{"line":4,"column":null}},"loc":{"start":{"line":4,"column":82},"end":{"line":11,"column":1}}},"2":{"name":"(anonymous_9)","decl":{"start":{"line":13,"column":26},"end":{"line":13,"column":33}},"loc":{"start":{"line":13,"column":83},"end":{"line":21,"column":2}}},"3":{"name":"(anonymous_10)","decl":{"start":{"line":13,"column":83},"end":{"line":13,"column":null}},"loc":{"start":{"line":13,"column":83},"end":{"line":21,"column":1}}},"4":{"name":"(anonymous_11)","decl":{"start":{"line":23,"column":28},"end":{"line":23,"column":35}},"loc":{"start":{"line":23,"column":85},"end":{"line":36,"column":2}}},"5":{"name":"(anonymous_12)","decl":{"start":{"line":23,"column":85},"end":{"line":23,"column":null}},"loc":{"start":{"line":23,"column":85},"end":{"line":36,"column":1}}},"6":{"name":"(anonymous_13)","decl":{"start":{"line":38,"column":26},"end":{"line":38,"column":33}},"loc":{"start":{"line":38,"column":83},"end":{"line":50,"column":2}}},"7":{"name":"(anonymous_14)","decl":{"start":{"line":38,"column":83},"end":{"line":38,"column":null}},"loc":{"start":{"line":38,"column":83},"end":{"line":50,"column":1}}}},"branchMap":{"0":{"loc":{"start":{"line":27,"column":4},"end":{"line":29,"column":null}},"type":"if","locations":[{"start":{"line":27,"column":4},"end":{"line":29,"column":null}}]},"1":{"loc":{"start":{"line":42,"column":4},"end":{"line":44,"column":null}},"type":"if","locations":[{"start":{"line":42,"column":4},"end":{"line":44,"column":null}}]}},"s":{"0":1,"1":1,"2":2,"3":2,"4":2,"5":1,"6":1,"7":1,"8":1,"9":2,"10":2,"11":2,"12":2,"13":1,"14":1,"15":1,"16":1,"17":3,"18":3,"19":3,"20":3,"21":2,"22":1,"23":1,"24":1,"25":1,"26":1,"27":1,"28":1,"29":3,"30":3,"31":3,"32":3,"33":2,"34":1,"35":1,"36":1,"37":1,"38":1},"f":{"0":2,"1":2,"2":2,"3":2,"4":3,"5":3,"6":3,"7":3},"b":{"0":[1],"1":[1]}}
}
