TN:
SF:controllers/TodoController.ts
FN:4,(anonymous_7)
FN:4,(anonymous_8)
FN:13,(anonymous_9)
FN:13,(anonymous_10)
FN:23,(anonymous_11)
FN:23,(anonymous_12)
FN:38,(anonymous_13)
FN:38,(anonymous_14)
FNF:8
FNH:8
FNDA:2,(anonymous_7)
FNDA:2,(anonymous_8)
FNDA:2,(anonymous_9)
FNDA:2,(anonymous_10)
FNDA:3,(anonymous_11)
FNDA:3,(anonymous_12)
FNDA:3,(anonymous_13)
FNDA:3,(anonymous_14)
DA:2,1
DA:4,2
DA:5,2
DA:6,2
DA:7,1
DA:9,1
DA:13,2
DA:14,2
DA:15,2
DA:16,2
DA:17,1
DA:19,1
DA:23,3
DA:24,3
DA:25,3
DA:26,3
DA:27,2
DA:28,1
DA:30,1
DA:31,1
DA:32,1
DA:34,1
DA:38,3
DA:39,3
DA:40,3
DA:41,3
DA:42,2
DA:43,1
DA:45,1
DA:46,1
DA:48,1
LF:31
LH:31
BRDA:27,0,0,1
BRDA:42,1,0,1
BRF:2
BRH:2
end_of_record
